<?xml version="1.0" encoding="UTF-8"?>
<testng-results skipped="0" failed="0" ignored="0" total="1" passed="1">
  <reporter-output>
  </reporter-output>
  <suite name="Suite" duration-ms="23" started-at="2019-01-29T06:27:47Z" finished-at="2019-01-29T06:27:47Z">
    <groups>
    </groups>
    <test name="Test" duration-ms="23" started-at="2019-01-29T06:27:47Z" finished-at="2019-01-29T06:27:47Z">
      <class name="Rajesh.Git">
        <test-method status="PASS" signature="test()[pri:0, instance:Rajesh.Git@215be6bb]" name="test" duration-ms="7" started-at="2019-01-29T06:27:47Z" finished-at="2019-01-29T06:27:47Z">
          <reporter-output>
          </reporter-output>
        </test-method> <!-- test -->
      </class> <!-- Rajesh.Git -->
    </test> <!-- Test -->
  </suite> <!-- Suite -->
</testng-results>
